<?xml version="1.0" encoding="UTF-8" ?>
<testsuite errors="0" failures="0" hostname="jbarmash-T520" name="sample.BookSpec" tests="0" time="0.011" timestamp="2012-01-09T03:24:13">
  <properties />
  <testcase classname="junit.framework.JUnit4TestCaseFacade" name="sample.BookSpec" time="0.0">
    <error message="Cannot get property &apos;mainContext&apos; on null object" type="java.lang.NullPointerException">java.lang.NullPointerException: Cannot get property &apos;mainContext&apos; on null object
	at grails.plugin.spock.IntegrationSpec.$spock_initializeSharedFields(IntegrationSpec.groovy)
</error>
  </testcase>
  <system-out><![CDATA[]]></system-out>
  <system-err><![CDATA[]]></system-err>
</testsuite>
