<?xml version="1.0" encoding="UTF-8" ?>
<testsuite errors="0" failures="0" hostname="jbarmash-T520" name="sample.BookSpec" tests="3" time="0.159" timestamp="2011-10-01T10:46:22">
  <properties />
  <testcase classname="sample.BookSpec" name="Check Error Reporter" time="0.061" />
  <testcase classname="sample.BookSpec" name="Load Data From Columns" time="0.081" />
  <testcase classname="sample.BookSpec" name="Load Data From Cells" time="0.011" />
  <system-out><![CDATA[--Output from Check Error Reporter--
--Output from Load Data From Columns--
--Output from Load Data From Cells--
]]></system-out>
  <system-err><![CDATA[--Output from Check Error Reporter--
--Output from Load Data From Columns--
--Output from Load Data From Cells--
]]></system-err>
</testsuite>
