<?xml version="1.0" encoding="UTF-8" ?>
<testsuite errors="0" failures="0" hostname="jbarmash-T520" name="sample.BookTests" tests="2" time="0.59" timestamp="2012-01-09T03:24:13">
  <properties />
  <testcase classname="sample.BookTests" name="testColumns" time="0.55" />
  <testcase classname="sample.BookTests" name="testCells" time="0.025" />
  <system-out><![CDATA[--Output from testColumns--
[[title:How to Win Friends and Influence People, author:Dale Carnegie, numSold:10.0], [title:Oliver Twist, author:Charles Dickens, numSold:1], [title:War and Peace, author:Leo Tolstoy, numSold:5.0]]
--Output from testCells--
[title:Romeo & Juliet, author:Shakespeare, numSold:300.0, dateIssued:2009-01-02, dateIssuedError:2006-08-18]
dateIssuedError: class org.joda.time.LocalDate
dateIssued: class org.joda.time.LocalDate
]]></system-out>
  <system-err><![CDATA[--Output from testColumns--
--Output from testCells--
]]></system-err>
</testsuite>
